Initialized native services in: /home/leo/.gradle/native
Initialized jansi services in: /home/leo/.gradle/native
Found daemon DaemonInfo{pid=6968, address=[32fb7c0f-87ca-4a57-805d-06b94f2b570f port:44827, addresses:[/127.0.0.1]], state=Idle, lastBusy=1781541942790, context=DefaultDaemonContext[uid=4ee3c29b-670d-44cd-9422-4c74fdd0b595,javaHome=/opt/android-studio/jbr,javaVersion=21,javaVendor=JetBrains s.r.o.,daemonRegistryDir=/home/leo/.gradle/daemon,pid=6968,idleTimeout=10800000,priority=NORMAL,applyInstrumentationAgent=true,nativeServicesMode=ENABLED,daemonOpts=-Xmx2048m,-Dfile.encoding=UTF-8,-Duser.country=US,-Duser.language=en,-Duser.variant]} however its context does not match the desired criteria.
JVM is incompatible.
Wanted: DaemonRequestContext{jvmCriteria=/usr/lib/jvm/java-26-openjdk (no JDK specified, using current Java home), daemonOpts=[-Xmx2048m, -Dfile.encoding=UTF-8, -Duser.country=US, -Duser.language=en, -Duser.variant], applyInstrumentationAgent=true, nativeServicesMode=ENABLED, priority=NORMAL}
Actual: DefaultDaemonContext[uid=4ee3c29b-670d-44cd-9422-4c74fdd0b595,javaHome=/opt/android-studio/jbr,javaVersion=21,javaVendor=JetBrains s.r.o.,daemonRegistryDir=/home/leo/.gradle/daemon,pid=6968,idleTimeout=10800000,priority=NORMAL,applyInstrumentationAgent=true,nativeServicesMode=ENABLED,daemonOpts=-Xmx2048m,-Dfile.encoding=UTF-8,-Duser.country=US,-Duser.language=en,-Duser.variant]

  Looking for a different daemon...
The client will now receive all logging from the daemon (pid: 7954). The daemon log file: /home/leo/.gradle/daemon/8.13/daemon-7954.out.log
Starting 4th build in daemon [uptime: 1 mins 20.002 secs, performance: 99%, GC rate: 0.00/s, heap usage: 1% of 2 GiB]
Using 12 worker leases.
Now considering [/home/leo/AndroidStudioProjects/SmartCook] as hierarchies to watch
Watching the file system is configured to be enabled if available
File system watching is active
Starting Build
Caching disabled for Kotlin DSL script compilation (Settings/TopLevel/stage1) because:
  Build cache is disabled

FAILURE: Build failed with an exception.

* What went wrong:
26.0.1

* Try:
> Run with --stacktrace option to get the stack trace.
> Run with --debug option to get more log output.
> Run with --scan to get full insights.
> Get more help at https://help.gradle.org.

BUILD FAILED in 399ms
